{"C:\\Users\\amit.suman\\Desktop\\Namaste-React course\\namaste-react\\src\\components\\Contact.js": {"path":"C:\\Users\\amit.suman\\Desktop\\Namaste-React course\\namaste-react\\src\\components\\Contact.js","statementMap":{"0":{"start":{"line":3,"column":16},"end":{"line":14,"column":1}},"1":{"start":{"line":4,"column":2},"end":{"line":13,"column":3}}},"fnMap":{"0":{"name":"(anonymous_0)","decl":{"start":{"line":3,"column":16},"end":{"line":3,"column":17}},"loc":{"start":{"line":3,"column":22},"end":{"line":14,"column":1}},"line":3}},"branchMap":{},"s":{"0":1,"1":4},"f":{"0":4},"b":{},"_coverageSchema":"1a1c01bbd47fc00a2c39e90264f33305004495a9","hash":"502f95200f06c28fd7f1a05660885f42ec6272be"}
,"C:\\Users\\amit.suman\\Desktop\\Namaste-React course\\namaste-react\\src\\components\\sum.js": {"path":"C:\\Users\\amit.suman\\Desktop\\Namaste-React course\\namaste-react\\src\\components\\sum.js","statementMap":{"0":{"start":{"line":1,"column":19},"end":{"line":3,"column":1}},"1":{"start":{"line":2,"column":4},"end":{"line":2,"column":15}}},"fnMap":{"0":{"name":"(anonymous_0)","decl":{"start":{"line":1,"column":19},"end":{"line":1,"column":20}},"loc":{"start":{"line":1,"column":28},"end":{"line":3,"column":1}},"line":1}},"branchMap":{},"s":{"0":1,"1":1},"f":{"0":1},"b":{},"_coverageSchema":"1a1c01bbd47fc00a2c39e90264f33305004495a9","hash":"6aaf4ab9d314995bc8187ec269dbd3bf43b69dbd"}
}
