{"C:\\Users\\amits\\OneDrive\\Desktop\\React Course\\Namaste-react-course\\namaste-react\\src\\components\\Body.js": {"path":"C:\\Users\\amits\\OneDrive\\Desktop\\React Course\\Namaste-react-course\\namaste-react\\src\\components\\Body.js","statementMap":{"0":{"start":{"line":8,"column":13},"end":{"line":119,"column":1}},"1":{"start":{"line":9,"column":51},"end":{"line":9,"column":63}},"2":{"start":{"line":10,"column":38},"end":{"line":10,"column":50}},"3":{"start":{"line":11,"column":50},"end":{"line":11,"column":62}},"4":{"start":{"line":12,"column":40},"end":{"line":12,"column":63}},"5":{"start":{"line":13,"column":33},"end":{"line":13,"column":66}},"6":{"start":{"line":15,"column":2},"end":{"line":15,"column":33}},"7":{"start":{"line":17,"column":2},"end":{"line":19,"column":9}},"8":{"start":{"line":18,"column":4},"end":{"line":18,"column":16}},"9":{"start":{"line":21,"column":20},"end":{"line":36,"column":3}},"10":{"start":{"line":22,"column":17},"end":{"line":24,"column":5}},"11":{"start":{"line":26,"column":17},"end":{"line":26,"column":34}},"12":{"start":{"line":28,"column":4},"end":{"line":28,"column":22}},"13":{"start":{"line":30,"column":4},"end":{"line":32,"column":6}},"14":{"start":{"line":33,"column":4},"end":{"line":35,"column":6}},"15":{"start":{"line":38,"column":23},"end":{"line":38,"column":40}},"16":{"start":{"line":40,"column":2},"end":{"line":45,"column":6}},"17":{"start":{"line":41,"column":4},"end":{"line":45,"column":6}},"18":{"start":{"line":51,"column":2},"end":{"line":118,"column":4}},"19":{"start":{"line":63,"column":14},"end":{"line":63,"column":44}},"20":{"start":{"line":70,"column":35},"end":{"line":72,"column":15}},"21":{"start":{"line":71,"column":16},"end":{"line":71,"column":78}},"22":{"start":{"line":73,"column":14},"end":{"line":73,"column":40}},"23":{"start":{"line":74,"column":14},"end":{"line":74,"column":48}},"24":{"start":{"line":84,"column":35},"end":{"line":86,"column":15}},"25":{"start":{"line":85,"column":25},"end":{"line":85,"column":47}},"26":{"start":{"line":87,"column":14},"end":{"line":87,"column":48}},"27":{"start":{"line":97,"column":29},"end":{"line":97,"column":56}},"28":{"start":{"line":105,"column":10},"end":{"line":114,"column":17}}},"fnMap":{"0":{"name":"(anonymous_0)","decl":{"start":{"line":8,"column":13},"end":{"line":8,"column":14}},"loc":{"start":{"line":8,"column":19},"end":{"line":119,"column":1}},"line":8},"1":{"name":"(anonymous_1)","decl":{"start":{"line":17,"column":12},"end":{"line":17,"column":13}},"loc":{"start":{"line":17,"column":18},"end":{"line":19,"column":3}},"line":17},"2":{"name":"(anonymous_2)","decl":{"start":{"line":21,"column":20},"end":{"line":21,"column":21}},"loc":{"start":{"line":21,"column":32},"end":{"line":36,"column":3}},"line":21},"3":{"name":"(anonymous_3)","decl":{"start":{"line":62,"column":22},"end":{"line":62,"column":23}},"loc":{"start":{"line":62,"column":29},"end":{"line":64,"column":13}},"line":62},"4":{"name":"(anonymous_4)","decl":{"start":{"line":69,"column":21},"end":{"line":69,"column":22}},"loc":{"start":{"line":69,"column":27},"end":{"line":75,"column":13}},"line":69},"5":{"name":"(anonymous_5)","decl":{"start":{"line":70,"column":60},"end":{"line":70,"column":61}},"loc":{"start":{"line":71,"column":16},"end":{"line":71,"column":78}},"line":71},"6":{"name":"(anonymous_6)","decl":{"start":{"line":83,"column":21},"end":{"line":83,"column":22}},"loc":{"start":{"line":83,"column":27},"end":{"line":88,"column":13}},"line":83},"7":{"name":"(anonymous_7)","decl":{"start":{"line":85,"column":16},"end":{"line":85,"column":17}},"loc":{"start":{"line":85,"column":25},"end":{"line":85,"column":47}},"line":85},"8":{"name":"(anonymous_8)","decl":{"start":{"line":97,"column":22},"end":{"line":97,"column":23}},"loc":{"start":{"line":97,"column":29},"end":{"line":97,"column":56}},"line":97},"9":{"name":"(anonymous_9)","decl":{"start":{"line":104,"column":30},"end":{"line":104,"column":31}},"loc":{"start":{"line":105,"column":10},"end":{"line":114,"column":17}},"line":105}},"branchMap":{"0":{"loc":{"start":{"line":40,"column":2},"end":{"line":45,"column":6}},"type":"if","locations":[{"start":{"line":40,"column":2},"end":{"line":45,"column":6}},{"start":{},"end":{}}],"line":40},"1":{"loc":{"start":{"line":51,"column":9},"end":{"line":118,"column":3}},"type":"cond-expr","locations":[{"start":{"line":52,"column":4},"end":{"line":52,"column":15}},{"start":{"line":54,"column":4},"end":{"line":117,"column":10}}],"line":51},"2":{"loc":{"start":{"line":109,"column":13},"end":{"line":113,"column":13}},"type":"cond-expr","locations":[{"start":{"line":110,"column":14},"end":{"line":110,"column":61}},{"start":{"line":112,"column":14},"end":{"line":112,"column":53}}],"line":109}},"s":{"0":1,"1":4,"2":4,"3":4,"4":4,"5":4,"6":4,"7":4,"8":2,"9":4,"10":2,"11":2,"12":2,"13":2,"14":2,"15":4,"16":4,"17":0,"18":4,"19":0,"20":0,"21":0,"22":0,"23":0,"24":0,"25":0,"26":0,"27":0,"28":18},"f":{"0":4,"1":2,"2":2,"3":0,"4":0,"5":0,"6":0,"7":0,"8":0,"9":18},"b":{"0":[0,4],"1":[2,2],"2":[6,12]},"_coverageSchema":"1a1c01bbd47fc00a2c39e90264f33305004495a9","hash":"e0f414b857d65e0d9498f8e304de219b71357d10"}
,"C:\\Users\\amits\\OneDrive\\Desktop\\React Course\\Namaste-react-course\\namaste-react\\src\\components\\Contact.js": {"path":"C:\\Users\\amits\\OneDrive\\Desktop\\React Course\\Namaste-react-course\\namaste-react\\src\\components\\Contact.js","statementMap":{"0":{"start":{"line":3,"column":16},"end":{"line":14,"column":1}},"1":{"start":{"line":4,"column":2},"end":{"line":13,"column":3}}},"fnMap":{"0":{"name":"(anonymous_0)","decl":{"start":{"line":3,"column":16},"end":{"line":3,"column":17}},"loc":{"start":{"line":3,"column":22},"end":{"line":14,"column":1}},"line":3}},"branchMap":{},"s":{"0":1,"1":4},"f":{"0":4},"b":{},"_coverageSchema":"1a1c01bbd47fc00a2c39e90264f33305004495a9","hash":"95b90a987e944d07853ed68cfbef497e383e884d"}
,"C:\\Users\\amits\\OneDrive\\Desktop\\React Course\\Namaste-react-course\\namaste-react\\src\\components\\Header.js": {"path":"C:\\Users\\amits\\OneDrive\\Desktop\\React Course\\Namaste-react-course\\namaste-react\\src\\components\\Header.js","statementMap":{"0":{"start":{"line":8,"column":15},"end":{"line":54,"column":1}},"1":{"start":{"line":9,"column":42},"end":{"line":9,"column":59}},"2":{"start":{"line":11,"column":23},"end":{"line":11,"column":40}},"3":{"start":{"line":12,"column":27},"end":{"line":12,"column":50}},"4":{"start":{"line":14,"column":20},"end":{"line":14,"column":60}},"5":{"start":{"line":14,"column":43},"end":{"line":14,"column":59}},"6":{"start":{"line":16,"column":2},"end":{"line":53,"column":4}},"7":{"start":{"line":42,"column":14},"end":{"line":44,"column":43}}},"fnMap":{"0":{"name":"(anonymous_0)","decl":{"start":{"line":8,"column":15},"end":{"line":8,"column":16}},"loc":{"start":{"line":8,"column":21},"end":{"line":54,"column":1}},"line":8},"1":{"name":"(anonymous_1)","decl":{"start":{"line":14,"column":32},"end":{"line":14,"column":33}},"loc":{"start":{"line":14,"column":43},"end":{"line":14,"column":59}},"line":14},"2":{"name":"(anonymous_2)","decl":{"start":{"line":41,"column":21},"end":{"line":41,"column":22}},"loc":{"start":{"line":41,"column":27},"end":{"line":45,"column":13}},"line":41}},"branchMap":{"0":{"loc":{"start":{"line":23,"column":47},"end":{"line":23,"column":72}},"type":"cond-expr","locations":[{"start":{"line":23,"column":62},"end":{"line":23,"column":65}},{"start":{"line":23,"column":68},"end":{"line":23,"column":72}}],"line":23},"1":{"loc":{"start":{"line":42,"column":14},"end":{"line":44,"column":42}},"type":"cond-expr","locations":[{"start":{"line":43,"column":18},"end":{"line":43,"column":43}},{"start":{"line":44,"column":18},"end":{"line":44,"column":42}}],"line":42}},"s":{"0":1,"1":5,"2":5,"3":5,"4":5,"5":9,"6":5,"7":1},"f":{"0":5,"1":9,"2":1},"b":{"0":[5,0],"1":[1,0]},"_coverageSchema":"1a1c01bbd47fc00a2c39e90264f33305004495a9","hash":"ea221174d766554c15534243a4890bfa207f03d3"}
,"C:\\Users\\amits\\OneDrive\\Desktop\\React Course\\Namaste-react-course\\namaste-react\\src\\components\\RestaurantCard.js": {"path":"C:\\Users\\amits\\OneDrive\\Desktop\\React Course\\Namaste-react-course\\namaste-react\\src\\components\\RestaurantCard.js","statementMap":{"0":{"start":{"line":3,"column":23},"end":{"line":30,"column":1}},"1":{"start":{"line":4,"column":22},"end":{"line":4,"column":27}},"2":{"start":{"line":7,"column":4},"end":{"line":7,"column":17}},"3":{"start":{"line":16,"column":2},"end":{"line":29,"column":4}},"4":{"start":{"line":35,"column":33},"end":{"line":44,"column":1}},"5":{"start":{"line":36,"column":2},"end":{"line":43,"column":3}},"6":{"start":{"line":37,"column":4},"end":{"line":42,"column":5}}},"fnMap":{"0":{"name":"(anonymous_0)","decl":{"start":{"line":3,"column":23},"end":{"line":3,"column":24}},"loc":{"start":{"line":3,"column":34},"end":{"line":30,"column":1}},"line":3},"1":{"name":"(anonymous_1)","decl":{"start":{"line":35,"column":33},"end":{"line":35,"column":34}},"loc":{"start":{"line":35,"column":53},"end":{"line":44,"column":1}},"line":35},"2":{"name":"(anonymous_2)","decl":{"start":{"line":36,"column":9},"end":{"line":36,"column":10}},"loc":{"start":{"line":36,"column":19},"end":{"line":43,"column":3}},"line":36}},"branchMap":{},"s":{"0":2,"1":19,"2":19,"3":19,"4":2,"5":4,"6":6},"f":{"0":19,"1":4,"2":6},"b":{},"_coverageSchema":"1a1c01bbd47fc00a2c39e90264f33305004495a9","hash":"21c396485c4c6518ffec1cfec20a985c7ee8e5a7"}
,"C:\\Users\\amits\\OneDrive\\Desktop\\React Course\\Namaste-react-course\\namaste-react\\src\\components\\Shimmer.js": {"path":"C:\\Users\\amits\\OneDrive\\Desktop\\React Course\\Namaste-react-course\\namaste-react\\src\\components\\Shimmer.js","statementMap":{"0":{"start":{"line":3,"column":16},"end":{"line":18,"column":1}},"1":{"start":{"line":4,"column":2},"end":{"line":17,"column":3}}},"fnMap":{"0":{"name":"(anonymous_0)","decl":{"start":{"line":3,"column":16},"end":{"line":3,"column":17}},"loc":{"start":{"line":3,"column":22},"end":{"line":18,"column":1}},"line":3}},"branchMap":{},"s":{"0":1,"1":2},"f":{"0":2},"b":{},"_coverageSchema":"1a1c01bbd47fc00a2c39e90264f33305004495a9","hash":"050a83a024aeb2d7bc00dccb39872d8dd839e4a0"}
,"C:\\Users\\amits\\OneDrive\\Desktop\\React Course\\Namaste-react-course\\namaste-react\\src\\components\\sum.js": {"path":"C:\\Users\\amits\\OneDrive\\Desktop\\React Course\\Namaste-react-course\\namaste-react\\src\\components\\sum.js","statementMap":{"0":{"start":{"line":1,"column":19},"end":{"line":3,"column":1}},"1":{"start":{"line":2,"column":4},"end":{"line":2,"column":15}}},"fnMap":{"0":{"name":"(anonymous_0)","decl":{"start":{"line":1,"column":19},"end":{"line":1,"column":20}},"loc":{"start":{"line":1,"column":28},"end":{"line":3,"column":1}},"line":1}},"branchMap":{},"s":{"0":1,"1":1},"f":{"0":1},"b":{},"_coverageSchema":"1a1c01bbd47fc00a2c39e90264f33305004495a9","hash":"d92cab681e405667f5f57a6cab295d5b6c97e623"}
,"C:\\Users\\amits\\OneDrive\\Desktop\\React Course\\Namaste-react-course\\namaste-react\\src\\utils\\UserContext.js": {"path":"C:\\Users\\amits\\OneDrive\\Desktop\\React Course\\Namaste-react-course\\namaste-react\\src\\utils\\UserContext.js","statementMap":{"0":{"start":{"line":3,"column":20},"end":{"line":5,"column":2}}},"fnMap":{},"branchMap":{},"s":{"0":2},"f":{},"b":{},"_coverageSchema":"1a1c01bbd47fc00a2c39e90264f33305004495a9","hash":"ae4ae6574c68760fb9b0e5a5cbce44e224f26d8a"}
,"C:\\Users\\amits\\OneDrive\\Desktop\\React Course\\Namaste-react-course\\namaste-react\\src\\utils\\appStore.js": {"path":"C:\\Users\\amits\\OneDrive\\Desktop\\React Course\\Namaste-react-course\\namaste-react\\src\\utils\\appStore.js","statementMap":{"0":{"start":{"line":4,"column":17},"end":{"line":8,"column":2}}},"fnMap":{},"branchMap":{},"s":{"0":1},"f":{},"b":{},"_coverageSchema":"1a1c01bbd47fc00a2c39e90264f33305004495a9","hash":"4c6db74a0451eb74f8be19e0de677bd1919121f3"}
,"C:\\Users\\amits\\OneDrive\\Desktop\\React Course\\Namaste-react-course\\namaste-react\\src\\utils\\cartSlice.js": {"path":"C:\\Users\\amits\\OneDrive\\Desktop\\React Course\\Namaste-react-course\\namaste-react\\src\\utils\\cartSlice.js","statementMap":{"0":{"start":{"line":3,"column":18},"end":{"line":24,"column":2}},"1":{"start":{"line":11,"column":6},"end":{"line":11,"column":39}},"2":{"start":{"line":14,"column":6},"end":{"line":14,"column":24}},"3":{"start":{"line":21,"column":6},"end":{"line":21,"column":27}},"4":{"start":{"line":26,"column":50},"end":{"line":26,"column":67}}},"fnMap":{"0":{"name":"(anonymous_0)","decl":{"start":{"line":9,"column":13},"end":{"line":9,"column":14}},"loc":{"start":{"line":9,"column":32},"end":{"line":12,"column":5}},"line":9},"1":{"name":"(anonymous_1)","decl":{"start":{"line":13,"column":16},"end":{"line":13,"column":17}},"loc":{"start":{"line":13,"column":35},"end":{"line":15,"column":5}},"line":13},"2":{"name":"(anonymous_2)","decl":{"start":{"line":17,"column":15},"end":{"line":17,"column":16}},"loc":{"start":{"line":17,"column":34},"end":{"line":22,"column":5}},"line":17}},"branchMap":{},"s":{"0":1,"1":0,"2":0,"3":0,"4":1},"f":{"0":0,"1":0,"2":0},"b":{},"_coverageSchema":"1a1c01bbd47fc00a2c39e90264f33305004495a9","hash":"21b49fa97195ebada69309220e14ef2a48241df6"}
,"C:\\Users\\amits\\OneDrive\\Desktop\\React Course\\Namaste-react-course\\namaste-react\\src\\utils\\constants.js": {"path":"C:\\Users\\amits\\OneDrive\\Desktop\\React Course\\Namaste-react-course\\namaste-react\\src\\utils\\constants.js","statementMap":{"0":{"start":{"line":1,"column":16},"end":{"line":1,"column":99}},"1":{"start":{"line":3,"column":17},"end":{"line":3,"column":89}},"2":{"start":{"line":5,"column":17},"end":{"line":5,"column":140}}},"fnMap":{},"branchMap":{},"s":{"0":3,"1":3,"2":3},"f":{},"b":{},"_coverageSchema":"1a1c01bbd47fc00a2c39e90264f33305004495a9","hash":"8449612e28f5fe68027e2a2071cca6e465324183"}
,"C:\\Users\\amits\\OneDrive\\Desktop\\React Course\\Namaste-react-course\\namaste-react\\src\\utils\\useOnlineStatus.js": {"path":"C:\\Users\\amits\\OneDrive\\Desktop\\React Course\\Namaste-react-course\\namaste-react\\src\\utils\\useOnlineStatus.js","statementMap":{"0":{"start":{"line":3,"column":24},"end":{"line":17,"column":1}},"1":{"start":{"line":5,"column":44},"end":{"line":5,"column":58}},"2":{"start":{"line":6,"column":4},"end":{"line":14,"column":10}},"3":{"start":{"line":7,"column":8},"end":{"line":9,"column":11}},"4":{"start":{"line":8,"column":12},"end":{"line":8,"column":35}},"5":{"start":{"line":10,"column":8},"end":{"line":12,"column":13}},"6":{"start":{"line":11,"column":12},"end":{"line":11,"column":34}},"7":{"start":{"line":16,"column":2},"end":{"line":16,"column":22}}},"fnMap":{"0":{"name":"(anonymous_0)","decl":{"start":{"line":3,"column":24},"end":{"line":3,"column":25}},"loc":{"start":{"line":3,"column":30},"end":{"line":17,"column":1}},"line":3},"1":{"name":"(anonymous_1)","decl":{"start":{"line":6,"column":14},"end":{"line":6,"column":15}},"loc":{"start":{"line":6,"column":18},"end":{"line":14,"column":5}},"line":6},"2":{"name":"(anonymous_2)","decl":{"start":{"line":7,"column":42},"end":{"line":7,"column":43}},"loc":{"start":{"line":7,"column":46},"end":{"line":9,"column":9}},"line":7},"3":{"name":"(anonymous_3)","decl":{"start":{"line":10,"column":42},"end":{"line":10,"column":43}},"loc":{"start":{"line":10,"column":48},"end":{"line":12,"column":11}},"line":10}},"branchMap":{},"s":{"0":2,"1":9,"2":9,"3":6,"4":0,"5":6,"6":0,"7":9},"f":{"0":9,"1":6,"2":0,"3":0},"b":{},"_coverageSchema":"1a1c01bbd47fc00a2c39e90264f33305004495a9","hash":"389ee5ed6d2fcbd8e4148b905e74df9f5a20cb11"}
}
