TN:
SF:src\components\Body.js
FN:8,(anonymous_0)
FN:17,(anonymous_1)
FN:21,(anonymous_2)
FN:62,(anonymous_3)
FN:69,(anonymous_4)
FN:70,(anonymous_5)
FN:83,(anonymous_6)
FN:85,(anonymous_7)
FN:97,(anonymous_8)
FN:104,(anonymous_9)
FNF:10
FNH:4
FNDA:4,(anonymous_0)
FNDA:2,(anonymous_1)
FNDA:2,(anonymous_2)
FNDA:0,(anonymous_3)
FNDA:0,(anonymous_4)
FNDA:0,(anonymous_5)
FNDA:0,(anonymous_6)
FNDA:0,(anonymous_7)
FNDA:0,(anonymous_8)
FNDA:18,(anonymous_9)
DA:8,1
DA:9,4
DA:10,4
DA:11,4
DA:12,4
DA:13,4
DA:15,4
DA:17,4
DA:18,2
DA:21,4
DA:22,2
DA:26,2
DA:28,2
DA:30,2
DA:33,2
DA:38,4
DA:40,4
DA:41,0
DA:51,4
DA:63,0
DA:70,0
DA:71,0
DA:73,0
DA:74,0
DA:84,0
DA:85,0
DA:87,0
DA:97,0
DA:105,18
LF:29
LH:19
BRDA:40,0,0,0
BRDA:40,0,1,4
BRDA:51,1,0,2
BRDA:51,1,1,2
BRDA:109,2,0,6
BRDA:109,2,1,12
BRF:6
BRH:5
end_of_record
TN:
SF:src\components\Contact.js
FN:3,(anonymous_0)
FNF:1
FNH:1
FNDA:4,(anonymous_0)
DA:3,1
DA:4,4
LF:2
LH:2
BRF:0
BRH:0
end_of_record
TN:
SF:src\components\Header.js
FN:8,(anonymous_0)
FN:14,(anonymous_1)
FN:41,(anonymous_2)
FNF:3
FNH:3
FNDA:5,(anonymous_0)
FNDA:9,(anonymous_1)
FNDA:1,(anonymous_2)
DA:8,1
DA:9,5
DA:11,5
DA:12,5
DA:14,9
DA:16,5
DA:42,1
LF:7
LH:7
BRDA:23,0,0,5
BRDA:23,0,1,0
BRDA:42,1,0,1
BRDA:42,1,1,0
BRF:4
BRH:2
end_of_record
TN:
SF:src\components\RestaurantCard.js
FN:3,(anonymous_0)
FN:35,(anonymous_1)
FN:36,(anonymous_2)
FNF:3
FNH:3
FNDA:19,(anonymous_0)
FNDA:4,(anonymous_1)
FNDA:6,(anonymous_2)
DA:3,2
DA:4,19
DA:7,19
DA:16,19
DA:35,2
DA:36,4
DA:37,6
LF:7
LH:7
BRF:0
BRH:0
end_of_record
TN:
SF:src\components\Shimmer.js
FN:3,(anonymous_0)
FNF:1
FNH:1
FNDA:2,(anonymous_0)
DA:3,1
DA:4,2
LF:2
LH:2
BRF:0
BRH:0
end_of_record
TN:
SF:src\components\sum.js
FN:1,(anonymous_0)
FNF:1
FNH:1
FNDA:1,(anonymous_0)
DA:1,1
DA:2,1
LF:2
LH:2
BRF:0
BRH:0
end_of_record
TN:
SF:src\utils\UserContext.js
FNF:0
FNH:0
DA:3,2
LF:1
LH:1
BRF:0
BRH:0
end_of_record
TN:
SF:src\utils\appStore.js
FNF:0
FNH:0
DA:4,1
LF:1
LH:1
BRF:0
BRH:0
end_of_record
TN:
SF:src\utils\cartSlice.js
FN:9,(anonymous_0)
FN:13,(anonymous_1)
FN:17,(anonymous_2)
FNF:3
FNH:0
FNDA:0,(anonymous_0)
FNDA:0,(anonymous_1)
FNDA:0,(anonymous_2)
DA:3,1
DA:11,0
DA:14,0
DA:21,0
DA:26,1
LF:5
LH:2
BRF:0
BRH:0
end_of_record
TN:
SF:src\utils\constants.js
FNF:0
FNH:0
DA:1,3
DA:3,3
DA:5,3
LF:3
LH:3
BRF:0
BRH:0
end_of_record
TN:
SF:src\utils\useOnlineStatus.js
FN:3,(anonymous_0)
FN:6,(anonymous_1)
FN:7,(anonymous_2)
FN:10,(anonymous_3)
FNF:4
FNH:2
FNDA:9,(anonymous_0)
FNDA:6,(anonymous_1)
FNDA:0,(anonymous_2)
FNDA:0,(anonymous_3)
DA:3,2
DA:5,9
DA:6,9
DA:7,6
DA:8,0
DA:10,6
DA:11,0
DA:16,9
LF:8
LH:6
BRF:0
BRH:0
end_of_record
